Date: 2020_5_19 GameSet# 1 BoardSize: 3
'X': Farush '0': Simpson
Game# 1 Starts 'X'
1 1 2 1 1 2 2 2 1 3 
Win: Farush
Game# 2 Starts '0'
2 1 1 1 2 2 1 2 3 3 1 3 
Win: Farush
Game# 3 Starts 'X'
2 1 1 1 2 2 3 1 2 3 
Win: Farush
Game# 4 Starts '0'
2 1 1 1 2 2 3 1 2 3 
Win: Simpson
Game# 5 Starts 'X'
3 3 1 1 3 1 2 1 3 2 
Win: Farush
Game# 6 Starts '0'
3 3 1 1 3 1 2 1 3 2 
Win: Simpson
Game# 7 Starts 'X'
3 3 1 1 3 1 2 1 3 2 
Win: Farush
Game# 8 Starts '0'
3 3 1 1 3 1 2 1 3 2 
Win: Simpson
Game# 9 Starts 'X'
1 1 2 2 2 1 3 3 3 1 
Win: Farush
Game# 10 Starts '0'
1 1 2 1 1 2 2 2 2 3 1 3 3 1 3 2 3 3 
Draw
Game# 11 Starts 'X'
1 1 2 1 1 2 2 2 2 3 1 3 3 1 3 2 3 3 
Draw
Game# 12 Starts '0'
1 1 2 1 1 2 2 2 2 3 1 3 3 1 3 2 3 3 
Draw
Game# 13 Starts 'X'
1 1 2 1 1 2 2 2 2 3 1 3 3 1 3 2 3 3 
Draw
Game# 14 Starts '0'
1 1 2 1 1 2 2 2 2 3 1 3 3 1 3 2 3 3 
Draw
Game# 15 Starts 'X'
1 1 2 1 1 2 2 2 2 3 1 3 3 1 3 2 3 3 
Draw
Game# 16 Starts '0'
1 1 2 1 1 2 2 2 2 3 1 3 3 1 3 2 3 3 
Draw
Game# 17 Starts 'X'
1 1 2 1 1 2 2 2 2 3 1 3 3 1 3 2 3 3 
Draw
Game# 18 Starts '0'
1 1 2 1 1 2 2 2 2 3 1 3 3 1 3 2 3 3 
Draw
Game# 19 Starts 'X'
1 1 2 2 2 1 3 3 3 1 
Win: Farush
Game# 20 Starts '0'
2 1 1 1 2 2 1 2 3 3 1 3 
Win: Farush
Game# 21 Starts 'X'
3 2 1 1 1 2 3 3 2 2 
Win: Farush
Game# 22 Starts '0'
1 1 2 1 1 2 2 2 2 3 1 3 3 1 3 2 3 3 
Draw
Game# 23 Starts 'X'
1 1 2 1 1 2 2 2 2 3 1 3 3 1 3 2 3 3 
Draw
Game# 24 Starts '0'
1 1 2 1 1 2 2 2 2 3 1 3 3 1 3 2 3 3 
Draw
Game# 25 Starts 'X'
2 3 1 1 1 3 2 2 3 3 
Win: Farush
Game# 26 Starts '0'
2 3 1 1 1 3 2 2 3 3 
Win: Simpson
Game# 27 Starts 'X'
2 3 1 1 1 3 2 2 3 3 
Win: Farush
GameSet_Results:
Farush WON
Farush: W 11; D 12; L 4
Simpson: W 4; D 12; L 11
