Date: 2020_5_19 GameSet# 1 BoardSize: 5
'X': Miho '0': Qiho
Game# 1 Starts 'X'
1 1 3 3 1 2 4 4 1 3 5 5 1 4 2 2 1 5 
Win: Miho
Game# 2 Starts '0'
1 1 3 3 1 2 4 4 1 3 5 5 1 4 2 2 1 5 
Win: Qiho
Game# 3 Starts 'X'
1 1 3 3 1 2 4 4 1 3 5 5 1 4 2 2 1 5 
Win: Miho
Game# 4 Starts '0'
1 1 3 3 1 2 4 4 1 3 5 5 1 4 2 2 1 5 
Win: Qiho
Game# 5 Starts 'X'
1 1 3 3 1 2 4 4 1 3 5 5 1 4 2 2 1 5 
Win: Miho
Game# 6 Starts '0'
1 1 1 2 1 3 1 4 2 5 1 5 2 4 2 3 2 2 2 1 3 1 3 2 4 2 4 1 5 1 5 2 5 3 5 4 5 5 4 3 3 3 4 4 3 4 4 5 3 5 
Draw
Game# 7 Starts 'X'
1 1 1 2 1 3 1 4 2 5 1 5 2 4 2 3 2 2 2 1 3 1 3 2 4 2 4 1 5 1 5 2 5 3 5 4 5 5 4 3 3 3 4 4 3 4 4 5 3 5 
Draw
Game# 8 Starts '0'
1 1 1 2 1 3 1 4 2 5 1 5 2 4 2 3 2 2 2 1 3 1 3 2 4 2 4 1 5 1 5 2 5 3 5 4 5 5 4 3 3 3 4 4 3 4 4 5 3 5 
Draw
Game# 9 Starts 'X'
1 1 1 2 1 3 1 4 2 5 1 5 2 4 2 3 2 2 2 1 3 1 3 2 4 2 4 1 5 1 5 2 5 3 5 4 5 5 4 3 3 3 4 4 3 4 4 5 3 5 
Draw
Game# 10 Starts '0'
1 1 1 2 1 3 1 4 2 5 1 5 2 4 2 3 2 2 2 1 3 1 3 2 4 2 4 1 5 1 5 2 5 3 5 4 5 5 4 3 3 3 4 4 3 4 4 5 3 5 
Draw
Game# 11 Starts 'X'
1 1 1 2 1 3 1 4 2 5 1 5 2 4 2 3 2 2 2 1 3 1 3 2 4 2 4 1 5 1 5 2 5 3 5 4 5 5 4 3 3 3 4 4 3 4 4 5 3 5 
Draw
Game# 12 Starts '0'
1 1 1 2 1 3 1 4 2 5 1 5 2 4 2 3 2 2 2 1 3 1 3 2 4 2 4 1 5 1 5 2 5 3 5 4 5 5 4 3 3 3 4 4 3 4 4 5 3 5 
Draw
Game# 13 Starts 'X'
1 1 1 2 1 3 1 4 2 5 1 5 2 4 2 3 2 2 2 1 3 1 3 2 4 2 4 1 5 1 5 2 5 3 5 4 5 5 4 3 3 3 4 4 3 4 4 5 3 5 
Draw
Game# 14 Starts '0'
1 1 1 2 1 3 1 4 2 5 1 5 2 4 2 3 2 2 2 1 3 1 3 2 4 2 4 1 5 1 5 2 5 3 5 4 5 5 4 3 3 3 4 4 3 4 4 5 3 5 
Draw
Game# 15 Starts 'X'
1 1 1 2 1 3 1 4 2 5 1 5 2 4 2 3 2 2 2 1 3 1 3 2 4 2 4 1 5 1 5 2 5 3 5 4 5 5 4 3 3 3 4 4 3 4 4 5 3 5 
Draw
Game# 16 Starts '0'
1 1 1 2 1 3 1 4 2 5 1 5 2 4 2 3 2 2 2 1 3 1 3 2 4 2 4 1 5 1 5 2 5 3 5 4 5 5 4 3 3 3 4 4 3 4 4 5 3 5 
Draw
Game# 17 Starts 'X'
1 1 3 3 1 2 4 4 1 3 5 5 1 4 2 2 1 5 
Win: Miho
Game# 18 Starts '0'
1 1 3 3 1 2 4 4 1 3 5 5 1 4 2 2 1 5 
Win: Qiho
Game# 19 Starts 'X'
1 1 3 3 1 2 4 4 1 3 5 5 1 4 2 2 1 5 
Win: Miho
Game# 20 Starts '0'
1 1 3 3 1 2 4 4 1 3 5 5 1 4 2 2 1 5 
Win: Qiho
Game# 21 Starts 'X'
1 1 3 3 1 2 4 4 1 3 5 5 1 4 2 2 1 5 
Win: Miho
Game# 22 Starts '0'
1 1 3 3 1 2 4 4 1 3 5 5 1 4 2 2 1 5 
Win: Qiho
Game# 23 Starts 'X'
1 1 3 3 1 2 4 4 1 3 5 5 1 4 2 2 1 5 
Win: Miho
Game# 24 Starts '0'
1 1 3 3 1 2 4 4 1 3 5 5 1 4 2 2 1 5 
Win: Qiho
Game# 25 Starts 'X'
1 1 3 3 1 2 4 4 1 3 5 5 1 4 2 2 1 5 
Win: Miho
Game# 26 Starts '0'
1 1 3 3 1 2 4 4 1 3 5 5 1 4 2 2 1 5 
Win: Qiho
Game# 27 Starts 'X'
1 1 3 3 1 2 4 4 1 3 5 5 1 4 2 2 1 5 
Win: Miho
Game# 28 Starts '0'
1 1 3 3 1 2 4 4 1 3 5 5 1 4 2 2 1 5 
Win: Qiho
Game# 29 Starts 'X'
1 1 3 3 1 2 4 4 1 3 5 5 1 4 2 2 1 5 
Win: Miho
Game# 30 Starts '0'
1 1 3 3 1 2 4 4 1 3 5 5 1 4 2 2 1 5 
Win: Qiho
Game# 31 Starts 'X'
1 1 3 3 1 2 4 4 1 3 5 5 1 4 2 2 1 5 
Win: Miho
GameSet_Results:
Miho WON
Miho: W 11; D 11; L 9
Qiho: W 9; D 11; L 11
Game# 32 Starts '0'
1 1 5 1 1 2 5 2 1 3 1 4 2 2 5 3 3 3 5 4 4 4 5 5 
Win: Miho
GameSet_Results:
Miho WON
Miho: W 12; D 11; L 9
Qiho: W 9; D 11; L 12
GameSet_Results:
Miho WON
Miho: W 12; D 11; L 9
Qiho: W 9; D 11; L 12
