Date: 2020_5_19 GameSet# 3 BoardSize: 3
'X': Stroboskop '0': Telecomic
Game# 1 Starts 'X'
3 2 1 1 1 2 3 3 2 2 
Win: Stroboskop
Game# 2 Starts '0'
3 2 1 1 1 2 3 3 2 2 
Win: Telecomic
Game# 3 Starts 'X'
3 2 1 1 1 2 3 3 2 2 
Win: Stroboskop
Game# 4 Starts '0'
3 2 1 1 1 2 3 3 2 2 
Win: Telecomic
Game# 5 Starts 'X'
3 2 1 1 1 2 3 3 2 2 
Win: Stroboskop
Game# 6 Starts '0'
3 2 1 1 1 2 3 3 2 2 
Win: Telecomic
Game# 7 Starts 'X'
3 2 1 1 1 2 3 3 2 2 
Win: Stroboskop
Game# 8 Starts '0'
3 2 1 1 1 2 3 3 2 2 
Win: Telecomic
Game# 9 Starts 'X'
3 2 1 1 1 2 3 3 2 2 
Win: Stroboskop
Game# 10 Starts '0'
1 1 2 1 1 2 2 2 2 3 1 3 3 1 3 2 3 3 
Draw
Game# 11 Starts 'X'
1 1 2 1 1 2 2 2 2 3 1 3 3 1 3 2 3 3 
Draw
Game# 12 Starts '0'
1 1 2 1 1 2 2 2 2 3 1 3 3 1 3 2 3 3 
Draw
Game# 13 Starts 'X'
1 1 2 1 1 2 2 2 2 3 1 3 3 1 3 2 3 3 
Draw
Game# 14 Starts '0'
1 1 2 1 1 2 2 2 2 3 1 3 3 1 3 2 3 3 
Draw
Game# 15 Starts 'X'
2 3 1 1 1 3 2 2 3 3 
Win: Stroboskop
Game# 16 Starts '0'
2 3 1 1 1 3 2 2 3 3 
Win: Telecomic
Game# 17 Starts 'X'
2 3 1 1 1 3 2 2 3 3 
Win: Stroboskop
Game# 18 Starts '0'
2 3 1 1 1 3 2 2 3 3 
Win: Telecomic
Game# 19 Starts 'X'
2 3 1 1 1 3 2 2 3 3 
Win: Stroboskop
Game# 20 Starts '0'
2 3 1 1 1 3 2 2 3 3 
Win: Telecomic
Game# 21 Starts 'X'
2 3 1 1 1 3 2 2 3 3 
Win: Stroboskop
Game# 22 Starts '0'
2 3 1 1 1 3 2 2 3 3 
Win: Telecomic
Game# 23 Starts 'X'
2 3 1 1 1 3 2 2 3 3 
Win: Stroboskop
Game# 24 Starts '0'
1 1 2 1 1 2 2 2 2 3 1 3 3 1 3 2 3 3 
Draw
Game# 25 Starts 'X'
1 1 2 1 1 2 2 2 2 3 1 3 3 1 3 2 3 3 
Draw
Game# 26 Starts '0'
1 1 2 1 1 2 2 2 2 3 1 3 3 1 3 2 3 3 
Draw
Game# 27 Starts 'X'
1 1 2 1 1 2 2 2 2 3 1 3 3 1 3 2 3 3 
Draw
Game# 28 Starts '0'
1 1 2 1 1 2 2 2 2 3 1 3 3 1 3 2 3 3 
Draw
Game# 29 Starts 'X'
1 1 2 1 1 2 2 2 2 3 1 3 3 1 3 2 3 3 
Draw
Game# 30 Starts '0'
1 1 2 1 1 2 2 2 2 3 1 3 3 1 3 2 3 3 
Draw
Game# 31 Starts 'X'
1 1 2 1 1 2 2 2 2 3 1 3 3 1 3 2 3 3 
Draw
Game# 32 Starts '0'
1 1 2 1 1 2 2 2 2 3 1 3 3 1 3 2 3 3 
Draw
Game# 33 Starts 'X'
1 1 2 1 1 2 2 2 2 3 1 3 3 1 3 2 3 3 
Draw
Game# 34 Starts '0'
1 1 2 1 1 2 2 2 2 3 1 3 3 1 3 2 3 3 
Draw
Game# 35 Starts 'X'
1 1 2 1 1 2 2 2 2 3 1 3 3 1 3 2 3 3 
Draw
Game# 36 Starts '0'
1 1 2 1 1 2 2 2 2 3 1 3 3 1 3 2 3 3 
Draw
Game# 37 Starts 'X'
1 1 2 1 1 2 2 2 2 3 1 3 3 1 3 2 3 3 
Draw
Game# 38 Starts '0'
1 1 2 1 1 2 2 2 2 3 1 3 3 1 3 2 3 3 
Draw
Game# 39 Starts 'X'
1 1 2 1 1 2 2 2 2 3 1 3 3 1 3 2 3 3 
Draw
Game# 40 Starts '0'
1 1 2 1 1 2 2 2 2 3 1 3 3 1 3 2 3 3 
Draw
Game# 41 Starts 'X'
1 1 2 1 1 2 2 2 2 3 1 3 3 1 3 2 3 3 
Draw
GameSet_Results:
Stroboskop WON
Stroboskop: W 10; D 23; L 8
Telecomic: W 8; D 23; L 10
